Analysis & Synthesis report for ARM_SINGLE_CYCLE
Tue Oct  4 22:01:09 2022
Quartus Prime Version 21.1.0 Build 842 10/21/2021 SJ Lite Edition


---------------------
; Table of Contents ;
---------------------
  1. Legal Notice
  2. Analysis & Synthesis Summary
  3. Analysis & Synthesis Settings
  4. Parallel Compilation
  5. Analysis & Synthesis Source Files Read
  6. Analysis & Synthesis Resource Usage Summary
  7. Analysis & Synthesis Resource Utilization by Entity
  8. General Register Statistics
  9. Parameter Settings for User Entity Instance: arm:arm|controller:c|condlogic:cl|flopenr:flagreg1
 10. Parameter Settings for User Entity Instance: arm:arm|controller:c|condlogic:cl|flopenr:flagreg0
 11. Parameter Settings for User Entity Instance: arm:arm|datapath:dp|mux2:pcmux
 12. Parameter Settings for User Entity Instance: arm:arm|datapath:dp|flopr:pcreg
 13. Parameter Settings for User Entity Instance: arm:arm|datapath:dp|adder:pcadd1
 14. Parameter Settings for User Entity Instance: arm:arm|datapath:dp|adder:pcadd2
 15. Parameter Settings for User Entity Instance: arm:arm|datapath:dp|mux2:ra1mux
 16. Parameter Settings for User Entity Instance: arm:arm|datapath:dp|mux2:ra2mux
 17. Parameter Settings for User Entity Instance: arm:arm|datapath:dp|mux2:resmux
 18. Parameter Settings for User Entity Instance: arm:arm|datapath:dp|mux2:srcbmux
 19. Parameter Settings for User Entity Instance: arm:arm|datapath:dp|alu:alu
 20. Parameter Settings for User Entity Instance: arm:arm|datapath:dp|alu:alu|arith_unit:arithmetics
 21. Port Connectivity Checks: "arm:arm|datapath:dp|mux2:ra1mux"
 22. Port Connectivity Checks: "arm:arm|datapath:dp|adder:pcadd2"
 23. Port Connectivity Checks: "arm:arm|datapath:dp|adder:pcadd1"
 24. Post-Synthesis Netlist Statistics for Top Partition
 25. Elapsed Time Per Partition
 26. Analysis & Synthesis Messages
 27. Analysis & Synthesis Suppressed Messages



----------------
; Legal Notice ;
----------------
Copyright (C) 2021  Intel Corporation. All rights reserved.
Your use of Intel Corporation's design tools, logic functions 
and other software and tools, and any partner logic 
functions, and any output files from any of the foregoing 
(including device programming or simulation files), and any 
associated documentation or information are expressly subject 
to the terms and conditions of the Intel Program License 
Subscription Agreement, the Intel Quartus Prime License Agreement,
the Intel FPGA IP License Agreement, or other applicable license
agreement, including, without limitation, that your use is for
the sole purpose of programming logic devices manufactured by
Intel and sold by Intel or its authorized distributors.  Please
refer to the applicable agreement for further details, at
https://fpgasoftware.intel.com/eula.



+-------------------------------------------------------------------------------+
; Analysis & Synthesis Summary                                                  ;
+---------------------------------+---------------------------------------------+
; Analysis & Synthesis Status     ; Successful - Tue Oct  4 22:01:09 2022       ;
; Quartus Prime Version           ; 21.1.0 Build 842 10/21/2021 SJ Lite Edition ;
; Revision Name                   ; ARM_SINGLE_CYCLE                            ;
; Top-level Entity Name           ; top                                         ;
; Family                          ; Cyclone V                                   ;
; Logic utilization (in ALMs)     ; N/A                                         ;
; Total registers                 ; 0                                           ;
; Total pins                      ; 3                                           ;
; Total virtual pins              ; 0                                           ;
; Total block memory bits         ; 0                                           ;
; Total DSP Blocks                ; 0                                           ;
; Total HSSI RX PCSs              ; 0                                           ;
; Total HSSI PMA RX Deserializers ; 0                                           ;
; Total HSSI TX PCSs              ; 0                                           ;
; Total HSSI PMA TX Serializers   ; 0                                           ;
; Total PLLs                      ; 0                                           ;
; Total DLLs                      ; 0                                           ;
+---------------------------------+---------------------------------------------+


+---------------------------------------------------------------------------------------------------------------------------+
; Analysis & Synthesis Settings                                                                                             ;
+---------------------------------------------------------------------------------+--------------------+--------------------+
; Option                                                                          ; Setting            ; Default Value      ;
+---------------------------------------------------------------------------------+--------------------+--------------------+
; Device                                                                          ; 5CSEMA5F31C6       ;                    ;
; Top-level entity name                                                           ; top                ; ARM_SINGLE_CYCLE   ;
; Family name                                                                     ; Cyclone V          ; Cyclone V          ;
; Use smart compilation                                                           ; Off                ; Off                ;
; Enable parallel Assembler and Timing Analyzer during compilation                ; On                 ; On                 ;
; Enable compact report table                                                     ; Off                ; Off                ;
; Restructure Multiplexers                                                        ; Auto               ; Auto               ;
; MLAB Add Timing Constraints For Mixed-Port Feed-Through Mode Setting Don't Care ; Off                ; Off                ;
; Create Debugging Nodes for IP Cores                                             ; Off                ; Off                ;
; Preserve fewer node names                                                       ; On                 ; On                 ;
; Intel FPGA IP Evaluation Mode                                                   ; Enable             ; Enable             ;
; Verilog Version                                                                 ; Verilog_2001       ; Verilog_2001       ;
; VHDL Version                                                                    ; VHDL_1993          ; VHDL_1993          ;
; State Machine Processing                                                        ; Auto               ; Auto               ;
; Safe State Machine                                                              ; Off                ; Off                ;
; Extract Verilog State Machines                                                  ; On                 ; On                 ;
; Extract VHDL State Machines                                                     ; On                 ; On                 ;
; Ignore Verilog initial constructs                                               ; Off                ; Off                ;
; Iteration limit for constant Verilog loops                                      ; 5000               ; 5000               ;
; Iteration limit for non-constant Verilog loops                                  ; 250                ; 250                ;
; Add Pass-Through Logic to Inferred RAMs                                         ; On                 ; On                 ;
; Infer RAMs from Raw Logic                                                       ; On                 ; On                 ;
; Parallel Synthesis                                                              ; On                 ; On                 ;
; DSP Block Balancing                                                             ; Auto               ; Auto               ;
; NOT Gate Push-Back                                                              ; On                 ; On                 ;
; Power-Up Don't Care                                                             ; On                 ; On                 ;
; Remove Redundant Logic Cells                                                    ; Off                ; Off                ;
; Remove Duplicate Registers                                                      ; On                 ; On                 ;
; Ignore CARRY Buffers                                                            ; Off                ; Off                ;
; Ignore CASCADE Buffers                                                          ; Off                ; Off                ;
; Ignore GLOBAL Buffers                                                           ; Off                ; Off                ;
; Ignore ROW GLOBAL Buffers                                                       ; Off                ; Off                ;
; Ignore LCELL Buffers                                                            ; Off                ; Off                ;
; Ignore SOFT Buffers                                                             ; On                 ; On                 ;
; Limit AHDL Integers to 32 Bits                                                  ; Off                ; Off                ;
; Optimization Technique                                                          ; Balanced           ; Balanced           ;
; Carry Chain Length                                                              ; 70                 ; 70                 ;
; Auto Carry Chains                                                               ; On                 ; On                 ;
; Auto Open-Drain Pins                                                            ; On                 ; On                 ;
; Perform WYSIWYG Primitive Resynthesis                                           ; Off                ; Off                ;
; Auto ROM Replacement                                                            ; On                 ; On                 ;
; Auto RAM Replacement                                                            ; On                 ; On                 ;
; Auto DSP Block Replacement                                                      ; On                 ; On                 ;
; Auto Shift Register Replacement                                                 ; Auto               ; Auto               ;
; Allow Shift Register Merging across Hierarchies                                 ; Auto               ; Auto               ;
; Auto Clock Enable Replacement                                                   ; On                 ; On                 ;
; Strict RAM Replacement                                                          ; Off                ; Off                ;
; Allow Synchronous Control Signals                                               ; On                 ; On                 ;
; Force Use of Synchronous Clear Signals                                          ; Off                ; Off                ;
; Auto Resource Sharing                                                           ; Off                ; Off                ;
; Allow Any RAM Size For Recognition                                              ; Off                ; Off                ;
; Allow Any ROM Size For Recognition                                              ; Off                ; Off                ;
; Allow Any Shift Register Size For Recognition                                   ; Off                ; Off                ;
; Use LogicLock Constraints during Resource Balancing                             ; On                 ; On                 ;
; Ignore translate_off and synthesis_off directives                               ; Off                ; Off                ;
; Timing-Driven Synthesis                                                         ; On                 ; On                 ;
; Report Parameter Settings                                                       ; On                 ; On                 ;
; Report Source Assignments                                                       ; On                 ; On                 ;
; Report Connectivity Checks                                                      ; On                 ; On                 ;
; Ignore Maximum Fan-Out Assignments                                              ; Off                ; Off                ;
; Synchronization Register Chain Length                                           ; 3                  ; 3                  ;
; Power Optimization During Synthesis                                             ; Normal compilation ; Normal compilation ;
; HDL message level                                                               ; Level2             ; Level2             ;
; Suppress Register Optimization Related Messages                                 ; Off                ; Off                ;
; Number of Removed Registers Reported in Synthesis Report                        ; 5000               ; 5000               ;
; Number of Swept Nodes Reported in Synthesis Report                              ; 5000               ; 5000               ;
; Number of Inverted Registers Reported in Synthesis Report                       ; 100                ; 100                ;
; Clock MUX Protection                                                            ; On                 ; On                 ;
; Auto Gated Clock Conversion                                                     ; Off                ; Off                ;
; Block Design Naming                                                             ; Auto               ; Auto               ;
; SDC constraint protection                                                       ; Off                ; Off                ;
; Synthesis Effort                                                                ; Auto               ; Auto               ;
; Shift Register Replacement - Allow Asynchronous Clear Signal                    ; On                 ; On                 ;
; Pre-Mapping Resynthesis Optimization                                            ; Off                ; Off                ;
; Analysis & Synthesis Message Level                                              ; Medium             ; Medium             ;
; Disable Register Merging Across Hierarchies                                     ; Auto               ; Auto               ;
; Resource Aware Inference For Block RAM                                          ; On                 ; On                 ;
; Automatic Parallel Synthesis                                                    ; On                 ; On                 ;
; Partial Reconfiguration Bitstream ID                                            ; Off                ; Off                ;
+---------------------------------------------------------------------------------+--------------------+--------------------+


+------------------------------------------+
; Parallel Compilation                     ;
+----------------------------+-------------+
; Processors                 ; Number      ;
+----------------------------+-------------+
; Number detected on machine ; 8           ;
; Maximum allowed            ; 4           ;
;                            ;             ;
; Average used               ; 1.00        ;
; Maximum used               ; 1           ;
;                            ;             ;
; Usage by Processor         ; % Time Used ;
;     Processor 1            ; 100.0%      ;
+----------------------------+-------------+


+---------------------------------------------------------------------------------------------------------------------------------------------------------------------------------+
; Analysis & Synthesis Source Files Read                                                                                                                                          ;
+----------------------------------+-----------------+------------------------------+-----------------------------------------------------------------------------------+---------+
; File Name with User-Entered Path ; Used in Netlist ; File Type                    ; File Name with Absolute Path                                                      ; Library ;
+----------------------------------+-----------------+------------------------------+-----------------------------------------------------------------------------------+---------+
; arith_unit.sv                    ; yes             ; User SystemVerilog HDL File  ; C:/Users/carlo/OneDrive/Escritorio/proyectogrupal1/ARM_UNICICLO/arith_unit.sv     ;         ;
; alu_defs.sv                      ; yes             ; User SystemVerilog HDL File  ; C:/Users/carlo/OneDrive/Escritorio/proyectogrupal1/ARM_UNICICLO/alu_defs.sv       ;         ;
; alu.sv                           ; yes             ; User SystemVerilog HDL File  ; C:/Users/carlo/OneDrive/Escritorio/proyectogrupal1/ARM_UNICICLO/alu.sv            ;         ;
; arm.sv                           ; yes             ; User SystemVerilog HDL File  ; C:/Users/carlo/OneDrive/Escritorio/proyectogrupal1/ARM_UNICICLO/arm.sv            ;         ;
; controller.sv                    ; yes             ; User SystemVerilog HDL File  ; C:/Users/carlo/OneDrive/Escritorio/proyectogrupal1/ARM_UNICICLO/controller.sv     ;         ;
; decoder.sv                       ; yes             ; User SystemVerilog HDL File  ; C:/Users/carlo/OneDrive/Escritorio/proyectogrupal1/ARM_UNICICLO/decoder.sv        ;         ;
; condlogic.sv                     ; yes             ; User SystemVerilog HDL File  ; C:/Users/carlo/OneDrive/Escritorio/proyectogrupal1/ARM_UNICICLO/condlogic.sv      ;         ;
; condcheck.sv                     ; yes             ; User SystemVerilog HDL File  ; C:/Users/carlo/OneDrive/Escritorio/proyectogrupal1/ARM_UNICICLO/condcheck.sv      ;         ;
; datapath.sv                      ; yes             ; User SystemVerilog HDL File  ; C:/Users/carlo/OneDrive/Escritorio/proyectogrupal1/ARM_UNICICLO/datapath.sv       ;         ;
; regfile.sv                       ; yes             ; User SystemVerilog HDL File  ; C:/Users/carlo/OneDrive/Escritorio/proyectogrupal1/ARM_UNICICLO/regfile.sv        ;         ;
; adder.sv                         ; yes             ; User SystemVerilog HDL File  ; C:/Users/carlo/OneDrive/Escritorio/proyectogrupal1/ARM_UNICICLO/adder.sv          ;         ;
; extend.sv                        ; yes             ; User SystemVerilog HDL File  ; C:/Users/carlo/OneDrive/Escritorio/proyectogrupal1/ARM_UNICICLO/extend.sv         ;         ;
; flopr.sv                         ; yes             ; User SystemVerilog HDL File  ; C:/Users/carlo/OneDrive/Escritorio/proyectogrupal1/ARM_UNICICLO/flopr.sv          ;         ;
; mux2.sv                          ; yes             ; User SystemVerilog HDL File  ; C:/Users/carlo/OneDrive/Escritorio/proyectogrupal1/ARM_UNICICLO/mux2.sv           ;         ;
; top.sv                           ; yes             ; User SystemVerilog HDL File  ; C:/Users/carlo/OneDrive/Escritorio/proyectogrupal1/ARM_UNICICLO/top.sv            ;         ;
; dmem.sv                          ; yes             ; User SystemVerilog HDL File  ; C:/Users/carlo/OneDrive/Escritorio/proyectogrupal1/ARM_UNICICLO/dmem.sv           ;         ;
; imem.sv                          ; yes             ; User SystemVerilog HDL File  ; C:/Users/carlo/OneDrive/Escritorio/proyectogrupal1/ARM_UNICICLO/imem.sv           ;         ;
; flopenr.sv                       ; yes             ; User SystemVerilog HDL File  ; C:/Users/carlo/OneDrive/Escritorio/proyectogrupal1/ARM_UNICICLO/flopenr.sv        ;         ;
; data_mem_init.dat                ; yes             ; Auto-Found Unspecified File  ; C:/Users/carlo/OneDrive/Escritorio/proyectogrupal1/ARM_UNICICLO/data_mem_init.dat ;         ;
; inst_mem_init.dat                ; yes             ; Auto-Found Unspecified File  ; C:/Users/carlo/OneDrive/Escritorio/proyectogrupal1/ARM_UNICICLO/inst_mem_init.dat ;         ;
+----------------------------------+-----------------+------------------------------+-----------------------------------------------------------------------------------+---------+


+-----------------------------------------------------+
; Analysis & Synthesis Resource Usage Summary         ;
+---------------------------------------------+-------+
; Resource                                    ; Usage ;
+---------------------------------------------+-------+
; Estimate of Logic utilization (ALMs needed) ; 0     ;
;                                             ;       ;
; Combinational ALUT usage for logic          ; 0     ;
;     -- 7 input functions                    ; 0     ;
;     -- 6 input functions                    ; 0     ;
;     -- 5 input functions                    ; 0     ;
;     -- 4 input functions                    ; 0     ;
;     -- <=3 input functions                  ; 0     ;
;                                             ;       ;
; Dedicated logic registers                   ; 0     ;
;                                             ;       ;
; I/O pins                                    ; 3     ;
;                                             ;       ;
; Total DSP Blocks                            ; 0     ;
;                                             ;       ;
; Maximum fan-out node                        ; clk   ;
; Maximum fan-out                             ; 1     ;
; Total fan-out                               ; 3     ;
; Average fan-out                             ; 0.50  ;
+---------------------------------------------+-------+


+----------------------------------------------------------------------------------------------------------------------------------------------------------------------------------------+
; Analysis & Synthesis Resource Utilization by Entity                                                                                                                                    ;
+----------------------------+---------------------+---------------------------+-------------------+------------+------+--------------+---------------------+-------------+--------------+
; Compilation Hierarchy Node ; Combinational ALUTs ; Dedicated Logic Registers ; Block Memory Bits ; DSP Blocks ; Pins ; Virtual Pins ; Full Hierarchy Name ; Entity Name ; Library Name ;
+----------------------------+---------------------+---------------------------+-------------------+------------+------+--------------+---------------------+-------------+--------------+
; |top                       ; 0 (0)               ; 0 (0)                     ; 0                 ; 0          ; 3    ; 0            ; |top                ; top         ; work         ;
+----------------------------+---------------------+---------------------------+-------------------+------------+------+--------------+---------------------+-------------+--------------+
Note: For table entries with two numbers listed, the numbers in parentheses indicate the number of resources of the given type used by the specific entity alone. The numbers listed outside of parentheses indicate the total resources of the given type used by the specific entity and all of its sub-entities in the hierarchy.


+------------------------------------------------------+
; General Register Statistics                          ;
+----------------------------------------------+-------+
; Statistic                                    ; Value ;
+----------------------------------------------+-------+
; Total registers                              ; 0     ;
; Number of registers using Synchronous Clear  ; 0     ;
; Number of registers using Synchronous Load   ; 0     ;
; Number of registers using Asynchronous Clear ; 0     ;
; Number of registers using Asynchronous Load  ; 0     ;
; Number of registers using Clock Enable       ; 0     ;
; Number of registers using Preset             ; 0     ;
+----------------------------------------------+-------+


+-------------------------------------------------------------------------------------------------+
; Parameter Settings for User Entity Instance: arm:arm|controller:c|condlogic:cl|flopenr:flagreg1 ;
+----------------+-------+------------------------------------------------------------------------+
; Parameter Name ; Value ; Type                                                                   ;
+----------------+-------+------------------------------------------------------------------------+
; WIDTH          ; 2     ; Signed Integer                                                         ;
+----------------+-------+------------------------------------------------------------------------+
Note: In order to hide this table in the UI and the text report file, please set the "Show Parameter Settings in Synthesis Report" option in "Analysis and Synthesis Settings -> More Settings" to "Off".


+-------------------------------------------------------------------------------------------------+
; Parameter Settings for User Entity Instance: arm:arm|controller:c|condlogic:cl|flopenr:flagreg0 ;
+----------------+-------+------------------------------------------------------------------------+
; Parameter Name ; Value ; Type                                                                   ;
+----------------+-------+------------------------------------------------------------------------+
; WIDTH          ; 2     ; Signed Integer                                                         ;
+----------------+-------+------------------------------------------------------------------------+
Note: In order to hide this table in the UI and the text report file, please set the "Show Parameter Settings in Synthesis Report" option in "Analysis and Synthesis Settings -> More Settings" to "Off".


+-----------------------------------------------------------------------------+
; Parameter Settings for User Entity Instance: arm:arm|datapath:dp|mux2:pcmux ;
+----------------+-------+----------------------------------------------------+
; Parameter Name ; Value ; Type                                               ;
+----------------+-------+----------------------------------------------------+
; WIDTH          ; 32    ; Signed Integer                                     ;
+----------------+-------+----------------------------------------------------+
Note: In order to hide this table in the UI and the text report file, please set the "Show Parameter Settings in Synthesis Report" option in "Analysis and Synthesis Settings -> More Settings" to "Off".


+------------------------------------------------------------------------------+
; Parameter Settings for User Entity Instance: arm:arm|datapath:dp|flopr:pcreg ;
+----------------+-------+-----------------------------------------------------+
; Parameter Name ; Value ; Type                                                ;
+----------------+-------+-----------------------------------------------------+
; WIDTH          ; 32    ; Signed Integer                                      ;
+----------------+-------+-----------------------------------------------------+
Note: In order to hide this table in the UI and the text report file, please set the "Show Parameter Settings in Synthesis Report" option in "Analysis and Synthesis Settings -> More Settings" to "Off".


+-------------------------------------------------------------------------------+
; Parameter Settings for User Entity Instance: arm:arm|datapath:dp|adder:pcadd1 ;
+----------------+-------+------------------------------------------------------+
; Parameter Name ; Value ; Type                                                 ;
+----------------+-------+------------------------------------------------------+
; WIDTH          ; 32    ; Signed Integer                                       ;
+----------------+-------+------------------------------------------------------+
Note: In order to hide this table in the UI and the text report file, please set the "Show Parameter Settings in Synthesis Report" option in "Analysis and Synthesis Settings -> More Settings" to "Off".


+-------------------------------------------------------------------------------+
; Parameter Settings for User Entity Instance: arm:arm|datapath:dp|adder:pcadd2 ;
+----------------+-------+------------------------------------------------------+
; Parameter Name ; Value ; Type                                                 ;
+----------------+-------+------------------------------------------------------+
; WIDTH          ; 32    ; Signed Integer                                       ;
+----------------+-------+------------------------------------------------------+
Note: In order to hide this table in the UI and the text report file, please set the "Show Parameter Settings in Synthesis Report" option in "Analysis and Synthesis Settings -> More Settings" to "Off".


+------------------------------------------------------------------------------+
; Parameter Settings for User Entity Instance: arm:arm|datapath:dp|mux2:ra1mux ;
+----------------+-------+-----------------------------------------------------+
; Parameter Name ; Value ; Type                                                ;
+----------------+-------+-----------------------------------------------------+
; WIDTH          ; 4     ; Signed Integer                                      ;
+----------------+-------+-----------------------------------------------------+
Note: In order to hide this table in the UI and the text report file, please set the "Show Parameter Settings in Synthesis Report" option in "Analysis and Synthesis Settings -> More Settings" to "Off".


+------------------------------------------------------------------------------+
; Parameter Settings for User Entity Instance: arm:arm|datapath:dp|mux2:ra2mux ;
+----------------+-------+-----------------------------------------------------+
; Parameter Name ; Value ; Type                                                ;
+----------------+-------+-----------------------------------------------------+
; WIDTH          ; 4     ; Signed Integer                                      ;
+----------------+-------+-----------------------------------------------------+
Note: In order to hide this table in the UI and the text report file, please set the "Show Parameter Settings in Synthesis Report" option in "Analysis and Synthesis Settings -> More Settings" to "Off".


+------------------------------------------------------------------------------+
; Parameter Settings for User Entity Instance: arm:arm|datapath:dp|mux2:resmux ;
+----------------+-------+-----------------------------------------------------+
; Parameter Name ; Value ; Type                                                ;
+----------------+-------+-----------------------------------------------------+
; WIDTH          ; 32    ; Signed Integer                                      ;
+----------------+-------+-----------------------------------------------------+
Note: In order to hide this table in the UI and the text report file, please set the "Show Parameter Settings in Synthesis Report" option in "Analysis and Synthesis Settings -> More Settings" to "Off".


+-------------------------------------------------------------------------------+
; Parameter Settings for User Entity Instance: arm:arm|datapath:dp|mux2:srcbmux ;
+----------------+-------+------------------------------------------------------+
; Parameter Name ; Value ; Type                                                 ;
+----------------+-------+------------------------------------------------------+
; WIDTH          ; 32    ; Signed Integer                                       ;
+----------------+-------+------------------------------------------------------+
Note: In order to hide this table in the UI and the text report file, please set the "Show Parameter Settings in Synthesis Report" option in "Analysis and Synthesis Settings -> More Settings" to "Off".


+--------------------------------------------------------------------------+
; Parameter Settings for User Entity Instance: arm:arm|datapath:dp|alu:alu ;
+----------------+-------+-------------------------------------------------+
; Parameter Name ; Value ; Type                                            ;
+----------------+-------+-------------------------------------------------+
; N              ; 32    ; Signed Integer                                  ;
+----------------+-------+-------------------------------------------------+
Note: In order to hide this table in the UI and the text report file, please set the "Show Parameter Settings in Synthesis Report" option in "Analysis and Synthesis Settings -> More Settings" to "Off".


+-------------------------------------------------------------------------------------------------+
; Parameter Settings for User Entity Instance: arm:arm|datapath:dp|alu:alu|arith_unit:arithmetics ;
+----------------+-------+------------------------------------------------------------------------+
; Parameter Name ; Value ; Type                                                                   ;
+----------------+-------+------------------------------------------------------------------------+
; N              ; 32    ; Signed Integer                                                         ;
+----------------+-------+------------------------------------------------------------------------+
Note: In order to hide this table in the UI and the text report file, please set the "Show Parameter Settings in Synthesis Report" option in "Analysis and Synthesis Settings -> More Settings" to "Off".


+-------------------------------------------------------------+
; Port Connectivity Checks: "arm:arm|datapath:dp|mux2:ra1mux" ;
+------+-------+----------+-----------------------------------+
; Port ; Type  ; Severity ; Details                           ;
+------+-------+----------+-----------------------------------+
; d1   ; Input ; Info     ; Stuck at VCC                      ;
+------+-------+----------+-----------------------------------+


+--------------------------------------------------------------+
; Port Connectivity Checks: "arm:arm|datapath:dp|adder:pcadd2" ;
+----------+-------+----------+--------------------------------+
; Port     ; Type  ; Severity ; Details                        ;
+----------+-------+----------+--------------------------------+
; b[31..3] ; Input ; Info     ; Stuck at GND                   ;
; b[1..0]  ; Input ; Info     ; Stuck at GND                   ;
; b[2]     ; Input ; Info     ; Stuck at VCC                   ;
+----------+-------+----------+--------------------------------+


+--------------------------------------------------------------+
; Port Connectivity Checks: "arm:arm|datapath:dp|adder:pcadd1" ;
+----------+-------+----------+--------------------------------+
; Port     ; Type  ; Severity ; Details                        ;
+----------+-------+----------+--------------------------------+
; b[31..3] ; Input ; Info     ; Stuck at GND                   ;
; b[1..0]  ; Input ; Info     ; Stuck at GND                   ;
; b[2]     ; Input ; Info     ; Stuck at VCC                   ;
+----------+-------+----------+--------------------------------+


+-----------------------------------------------------+
; Post-Synthesis Netlist Statistics for Top Partition ;
+-------------------+---------------------------------+
; Type              ; Count                           ;
+-------------------+---------------------------------+
; boundary_port     ; 3                               ;
;                   ;                                 ;
; Max LUT depth     ; 0.00                            ;
; Average LUT depth ; 0.00                            ;
+-------------------+---------------------------------+


+-------------------------------+
; Elapsed Time Per Partition    ;
+----------------+--------------+
; Partition Name ; Elapsed Time ;
+----------------+--------------+
; Top            ; 00:00:00     ;
+----------------+--------------+


+-------------------------------+
; Analysis & Synthesis Messages ;
+-------------------------------+
Info: *******************************************************************
Info: Running Quartus Prime Analysis & Synthesis
    Info: Version 21.1.0 Build 842 10/21/2021 SJ Lite Edition
    Info: Processing started: Tue Oct  4 22:00:54 2022
Info: Command: quartus_map --read_settings_files=on --write_settings_files=off ARM_SINGLE_CYCLE -c ARM_SINGLE_CYCLE
Warning (18236): Number of processors has not been specified which may cause overloading on shared machines.  Set the global assignment NUM_PARALLEL_PROCESSORS in your QSF to an appropriate value for best performance.
Info (20030): Parallel compilation is enabled and will use 4 of the 4 processors detected
Info (12021): Found 1 design units, including 1 entities, in source file clockdivider.sv
    Info (12023): Found entity 1: clockDivider File: C:/Users/carlo/OneDrive/Escritorio/proyectogrupal1/ARM_UNICICLO/clockDivider.sv Line: 1
Info (12021): Found 1 design units, including 1 entities, in source file arith_unit.sv
    Info (12023): Found entity 1: arith_unit File: C:/Users/carlo/OneDrive/Escritorio/proyectogrupal1/ARM_UNICICLO/arith_unit.sv Line: 1
Info (12021): Found 1 design units, including 0 entities, in source file alu_defs.sv
    Info (12022): Found design unit 1: alu_defs (SystemVerilog) File: C:/Users/carlo/OneDrive/Escritorio/proyectogrupal1/ARM_UNICICLO/alu_defs.sv Line: 1
Info (12021): Found 1 design units, including 1 entities, in source file alu.sv
    Info (12023): Found entity 1: alu File: C:/Users/carlo/OneDrive/Escritorio/proyectogrupal1/ARM_UNICICLO/alu.sv Line: 1
Info (12021): Found 1 design units, including 1 entities, in source file arm.sv
    Info (12023): Found entity 1: arm File: C:/Users/carlo/OneDrive/Escritorio/proyectogrupal1/ARM_UNICICLO/arm.sv Line: 1
Info (12021): Found 1 design units, including 1 entities, in source file controller.sv
    Info (12023): Found entity 1: controller File: C:/Users/carlo/OneDrive/Escritorio/proyectogrupal1/ARM_UNICICLO/controller.sv Line: 1
Info (12021): Found 1 design units, including 1 entities, in source file decoder.sv
    Info (12023): Found entity 1: decoder File: C:/Users/carlo/OneDrive/Escritorio/proyectogrupal1/ARM_UNICICLO/decoder.sv Line: 1
Info (12021): Found 1 design units, including 1 entities, in source file condlogic.sv
    Info (12023): Found entity 1: condlogic File: C:/Users/carlo/OneDrive/Escritorio/proyectogrupal1/ARM_UNICICLO/condlogic.sv Line: 1
Info (12021): Found 1 design units, including 1 entities, in source file condcheck.sv
    Info (12023): Found entity 1: condcheck File: C:/Users/carlo/OneDrive/Escritorio/proyectogrupal1/ARM_UNICICLO/condcheck.sv Line: 1
Info (12021): Found 1 design units, including 1 entities, in source file datapath.sv
    Info (12023): Found entity 1: datapath File: C:/Users/carlo/OneDrive/Escritorio/proyectogrupal1/ARM_UNICICLO/datapath.sv Line: 1
Info (12021): Found 1 design units, including 1 entities, in source file regfile.sv
    Info (12023): Found entity 1: regfile File: C:/Users/carlo/OneDrive/Escritorio/proyectogrupal1/ARM_UNICICLO/regfile.sv Line: 1
Info (12021): Found 1 design units, including 1 entities, in source file adder.sv
    Info (12023): Found entity 1: adder File: C:/Users/carlo/OneDrive/Escritorio/proyectogrupal1/ARM_UNICICLO/adder.sv Line: 1
Info (12021): Found 1 design units, including 1 entities, in source file extend.sv
    Info (12023): Found entity 1: extend File: C:/Users/carlo/OneDrive/Escritorio/proyectogrupal1/ARM_UNICICLO/extend.sv Line: 1
Info (12021): Found 1 design units, including 1 entities, in source file flopr.sv
    Info (12023): Found entity 1: flopr File: C:/Users/carlo/OneDrive/Escritorio/proyectogrupal1/ARM_UNICICLO/flopr.sv Line: 1
Info (12021): Found 1 design units, including 1 entities, in source file mux2.sv
    Info (12023): Found entity 1: mux2 File: C:/Users/carlo/OneDrive/Escritorio/proyectogrupal1/ARM_UNICICLO/mux2.sv Line: 1
Info (12021): Found 1 design units, including 1 entities, in source file testbench.sv
    Info (12023): Found entity 1: testbench File: C:/Users/carlo/OneDrive/Escritorio/proyectogrupal1/ARM_UNICICLO/testbench.sv Line: 1
Info (12021): Found 1 design units, including 1 entities, in source file top.sv
    Info (12023): Found entity 1: top File: C:/Users/carlo/OneDrive/Escritorio/proyectogrupal1/ARM_UNICICLO/top.sv Line: 2
Info (12021): Found 1 design units, including 1 entities, in source file dmem.sv
    Info (12023): Found entity 1: dmem File: C:/Users/carlo/OneDrive/Escritorio/proyectogrupal1/ARM_UNICICLO/dmem.sv Line: 2
Info (12021): Found 1 design units, including 1 entities, in source file imem.sv
    Info (12023): Found entity 1: imem File: C:/Users/carlo/OneDrive/Escritorio/proyectogrupal1/ARM_UNICICLO/imem.sv Line: 1
Info (12021): Found 1 design units, including 1 entities, in source file test_alu.sv
    Info (12023): Found entity 1: test_alu File: C:/Users/carlo/OneDrive/Escritorio/proyectogrupal1/ARM_UNICICLO/test_alu.sv Line: 1
Info (12021): Found 1 design units, including 1 entities, in source file flopenr.sv
    Info (12023): Found entity 1: flopenr File: C:/Users/carlo/OneDrive/Escritorio/proyectogrupal1/ARM_UNICICLO/flopenr.sv Line: 1
Info (12021): Found 1 design units, including 1 entities, in source file testbench_dmem.sv
    Info (12023): Found entity 1: testbench_dmem File: C:/Users/carlo/OneDrive/Escritorio/proyectogrupal1/ARM_UNICICLO/testbench_dmem.sv Line: 1
Info (12127): Elaborating entity "top" for the top level hierarchy
Info (12128): Elaborating entity "arm" for hierarchy "arm:arm" File: C:/Users/carlo/OneDrive/Escritorio/proyectogrupal1/ARM_UNICICLO/top.sv Line: 15
Info (12128): Elaborating entity "controller" for hierarchy "arm:arm|controller:c" File: C:/Users/carlo/OneDrive/Escritorio/proyectogrupal1/ARM_UNICICLO/arm.sv Line: 19
Info (12128): Elaborating entity "decoder" for hierarchy "arm:arm|controller:c|decoder:dec" File: C:/Users/carlo/OneDrive/Escritorio/proyectogrupal1/ARM_UNICICLO/controller.sv Line: 28
Info (12128): Elaborating entity "condlogic" for hierarchy "arm:arm|controller:c|condlogic:cl" File: C:/Users/carlo/OneDrive/Escritorio/proyectogrupal1/ARM_UNICICLO/controller.sv Line: 32
Info (12128): Elaborating entity "flopenr" for hierarchy "arm:arm|controller:c|condlogic:cl|flopenr:flagreg1" File: C:/Users/carlo/OneDrive/Escritorio/proyectogrupal1/ARM_UNICICLO/condlogic.sv Line: 16
Info (12128): Elaborating entity "condcheck" for hierarchy "arm:arm|controller:c|condlogic:cl|condcheck:cc" File: C:/Users/carlo/OneDrive/Escritorio/proyectogrupal1/ARM_UNICICLO/condlogic.sv Line: 22
Info (12128): Elaborating entity "datapath" for hierarchy "arm:arm|datapath:dp" File: C:/Users/carlo/OneDrive/Escritorio/proyectogrupal1/ARM_UNICICLO/arm.sv Line: 26
Info (12128): Elaborating entity "mux2" for hierarchy "arm:arm|datapath:dp|mux2:pcmux" File: C:/Users/carlo/OneDrive/Escritorio/proyectogrupal1/ARM_UNICICLO/datapath.sv Line: 23
Info (12128): Elaborating entity "flopr" for hierarchy "arm:arm|datapath:dp|flopr:pcreg" File: C:/Users/carlo/OneDrive/Escritorio/proyectogrupal1/ARM_UNICICLO/datapath.sv Line: 25
Info (12128): Elaborating entity "adder" for hierarchy "arm:arm|datapath:dp|adder:pcadd1" File: C:/Users/carlo/OneDrive/Escritorio/proyectogrupal1/ARM_UNICICLO/datapath.sv Line: 27
Info (12128): Elaborating entity "mux2" for hierarchy "arm:arm|datapath:dp|mux2:ra1mux" File: C:/Users/carlo/OneDrive/Escritorio/proyectogrupal1/ARM_UNICICLO/datapath.sv Line: 32
Info (12128): Elaborating entity "regfile" for hierarchy "arm:arm|datapath:dp|regfile:rf" File: C:/Users/carlo/OneDrive/Escritorio/proyectogrupal1/ARM_UNICICLO/datapath.sv Line: 36
Info (12128): Elaborating entity "extend" for hierarchy "arm:arm|datapath:dp|extend:ext" File: C:/Users/carlo/OneDrive/Escritorio/proyectogrupal1/ARM_UNICICLO/datapath.sv Line: 40
Info (12128): Elaborating entity "alu" for hierarchy "arm:arm|datapath:dp|alu:alu" File: C:/Users/carlo/OneDrive/Escritorio/proyectogrupal1/ARM_UNICICLO/datapath.sv Line: 45
Info (12128): Elaborating entity "arith_unit" for hierarchy "arm:arm|datapath:dp|alu:alu|arith_unit:arithmetics" File: C:/Users/carlo/OneDrive/Escritorio/proyectogrupal1/ARM_UNICICLO/alu.sv Line: 28
Info (12128): Elaborating entity "imem" for hierarchy "imem:imem" File: C:/Users/carlo/OneDrive/Escritorio/proyectogrupal1/ARM_UNICICLO/top.sv Line: 17
Warning (10850): Verilog HDL warning at imem.sv(11): number of words (81) in memory file does not match the number of elements in the address range [0:255] File: C:/Users/carlo/OneDrive/Escritorio/proyectogrupal1/ARM_UNICICLO/imem.sv Line: 11
Warning (10030): Net "RAM.data_a" at imem.sv(8) has no driver or initial value, using a default initial value '0' File: C:/Users/carlo/OneDrive/Escritorio/proyectogrupal1/ARM_UNICICLO/imem.sv Line: 8
Warning (10030): Net "RAM.waddr_a" at imem.sv(8) has no driver or initial value, using a default initial value '0' File: C:/Users/carlo/OneDrive/Escritorio/proyectogrupal1/ARM_UNICICLO/imem.sv Line: 8
Warning (10030): Net "RAM.we_a" at imem.sv(8) has no driver or initial value, using a default initial value '0' File: C:/Users/carlo/OneDrive/Escritorio/proyectogrupal1/ARM_UNICICLO/imem.sv Line: 8
Info (12128): Elaborating entity "dmem" for hierarchy "dmem:dmem" File: C:/Users/carlo/OneDrive/Escritorio/proyectogrupal1/ARM_UNICICLO/top.sv Line: 19
Warning (10036): Verilog HDL or VHDL warning at dmem.sv(11): object "addr" assigned a value but never read File: C:/Users/carlo/OneDrive/Escritorio/proyectogrupal1/ARM_UNICICLO/dmem.sv Line: 11
Warning (10850): Verilog HDL warning at dmem.sv(16): number of words (21) in memory file does not match the number of elements in the address range [0:255] File: C:/Users/carlo/OneDrive/Escritorio/proyectogrupal1/ARM_UNICICLO/dmem.sv Line: 16
Info (144001): Generated suppressed messages file C:/Users/carlo/OneDrive/Escritorio/proyectogrupal1/ARM_UNICICLO/output_files/ARM_SINGLE_CYCLE.map.smsg
Info (16010): Generating hard_block partition "hard_block:auto_generated_inst"
    Info (16011): Adding 0 node(s), including 0 DDIO, 0 PLL, 0 transceiver and 0 LCELL
Warning (21074): Design contains 3 input pin(s) that do not drive logic
    Warning (15610): No output dependent on input pin "clk" File: C:/Users/carlo/OneDrive/Escritorio/proyectogrupal1/ARM_UNICICLO/top.sv Line: 4
    Warning (15610): No output dependent on input pin "reset" File: C:/Users/carlo/OneDrive/Escritorio/proyectogrupal1/ARM_UNICICLO/top.sv Line: 4
    Warning (15610): No output dependent on input pin "start" File: C:/Users/carlo/OneDrive/Escritorio/proyectogrupal1/ARM_UNICICLO/top.sv Line: 5
Info (21057): Implemented 3 device resources after synthesis - the final resource count might be different
    Info (21058): Implemented 3 input pins
    Info (21059): Implemented 0 output pins
Info: Quartus Prime Analysis & Synthesis was successful. 0 errors, 11 warnings
    Info: Peak virtual memory: 4839 megabytes
    Info: Processing ended: Tue Oct  4 22:01:09 2022
    Info: Elapsed time: 00:00:15
    Info: Total CPU time (on all processors): 00:00:35


+------------------------------------------+
; Analysis & Synthesis Suppressed Messages ;
+------------------------------------------+
The suppressed messages can be found in C:/Users/carlo/OneDrive/Escritorio/proyectogrupal1/ARM_UNICICLO/output_files/ARM_SINGLE_CYCLE.map.smsg.


